<?xml version="1.0" encoding="UTF-8"?>
<testng-results ignored="0" total="1" passed="1" failed="0" skipped="0">
  <reporter-output>
  </reporter-output>
  <suite started-at="2022-09-02T00:48:49 PDT" name="Default suite" finished-at="2022-09-02T00:48:54 PDT" duration-ms="4499">
    <groups>
    </groups>
    <test started-at="2022-09-02T00:48:49 PDT" name="Default test" finished-at="2022-09-02T00:48:54 PDT" duration-ms="4499">
      <class name="Demo1">
        <test-method is-config="true" signature="setup()[pri:0, instance:Demo1@429bffaa]" started-at="2022-09-02T00:48:49 PDT" name="setup" finished-at="2022-09-02T00:48:54 PDT" duration-ms="4232" status="PASS">
          <reporter-output>
          </reporter-output>
        </test-method> <!-- setup -->
        <test-method signature="verifystatuscode()[pri:1, instance:Demo1@429bffaa]" started-at="2022-09-02T00:48:54 PDT" name="verifystatuscode" finished-at="2022-09-02T00:48:54 PDT" duration-ms="31" status="PASS">
          <reporter-output>
          </reporter-output>
        </test-method> <!-- verifystatuscode -->
      </class> <!-- Demo1 -->
    </test> <!-- Default test -->
  </suite> <!-- Default suite -->
</testng-results>
